#
# A fatal error has been detected by the Java Runtime Environment:
#
#  Internal Error (classFileParser.cpp:3375), pid=7300, tid=9596
#  Error: ShouldNotReachHere()
#
# JRE version: 6.0_24-b07
# Java VM: Java HotSpot(TM) 64-Bit Server VM (19.1-b02 mixed mode windows-amd64 compressed oops)
# If you would like to submit a bug report, please visit:
#   http://java.sun.com/webapps/bugreport/crash.jsp
#

---------------  T H R E A D  ---------------

Current thread (0x00000000005db800):  JavaThread "Unknown thread" [_thread_in_vm, id=9596, stack(0x00000000022d0000,0x00000000023d0000)]

Stack: [0x00000000022d0000,0x00000000023d0000]
[error occurred during error reporting (printing stack bounds), id 0xc0000005]


---------------  P R O C E S S  ---------------

Java Threads: ( => current thread )

Other Threads:

=>0x00000000005db800 (exited) JavaThread "Unknown thread" [_thread_in_vm, id=9596, stack(0x00000000022d0000,0x00000000023d0000)]

VM state:not at safepoint (not fully initialized)

VM Mutex/Monitor currently owned by a thread: None

Dynamic libraries:
0x0000000000400000 - 0x000000000042e000 	C:\Program Files\Java\jre6\bin\javaw.exe
0x00000000778d0000 - 0x0000000077a79000 	C:\Windows\SYSTEM32\ntdll.dll
0x00000000772f0000 - 0x000000007740f000 	C:\Windows\system32\kernel32.dll
0x000007fefdf20000 - 0x000007fefdf8c000 	C:\Windows\system32\KERNELBASE.dll
0x0000000064d00000 - 0x0000000064d41000 	C:\Program Files\AVAST Software\Avast\snxhk64.dll
0x000007feff4c0000 - 0x000007feff59b000 	C:\Windows\system32\ADVAPI32.dll
0x000007feff690000 - 0x000007feff72f000 	C:\Windows\system32\msvcrt.dll
0x000007feff330000 - 0x000007feff34f000 	C:\Windows\SYSTEM32\sechost.dll
0x000007feff160000 - 0x000007feff28d000 	C:\Windows\system32\RPCRT4.dll
0x00000000771f0000 - 0x00000000772ea000 	C:\Windows\system32\USER32.dll
0x000007fefee90000 - 0x000007fefeef7000 	C:\Windows\system32\GDI32.dll
0x000007feff680000 - 0x000007feff68e000 	C:\Windows\system32\LPK.dll
0x000007feffa90000 - 0x000007feffb59000 	C:\Windows\system32\USP10.dll
0x000007feff790000 - 0x000007feff7be000 	C:\Windows\system32\IMM32.DLL
0x000007feff350000 - 0x000007feff459000 	C:\Windows\system32\MSCTF.dll
0x000000006d7f0000 - 0x000000006def4000 	C:\Program Files\Java\jre6\bin\server\jvm.dll
0x000007fefb940000 - 0x000007fefb97b000 	C:\Windows\system32\WINMM.dll
0x000000006d760000 - 0x000000006d76e000 	C:\Program Files\Java\jre6\bin\verify.dll
0x000000006d3b0000 - 0x000000006d3d7000 	C:\Program Files\Java\jre6\bin\java.dll
0x000000006d310000 - 0x000000006d31a000 	C:\Program Files\Java\jre6\bin\hpi.dll
0x0000000077aa0000 - 0x0000000077aa7000 	C:\Windows\system32\PSAPI.DLL
0x000000006d7b0000 - 0x000000006d7c2000 	C:\Program Files\Java\jre6\bin\zip.dll

VM Arguments:
jvm_args: -Dfile.encoding=Cp1252 -Xbootclasspath:C:\Users\julien\Downloads\Applications\Devs\Android\android-sdks\platforms\android-8\android.jar 
java_command: org.eclipse.jdt.internal.junit.runner.RemoteTestRunner -version 3 -port 51409 -testLoaderClass org.eclipse.jdt.internal.junit.runner.junit3.JUnit3TestLoader -loaderpluginname org.eclipse.jdt.junit.runtime -classNames WineSearcherTest.RequestTest
Launcher Type: SUN_STANDARD

Environment Variables:
PATH=C:\Program Files\Common Files\Microsoft Shared\Windows Live;C:\Program Files (x86)\Common Files\Microsoft Shared\Windows Live;C:\Windows\system32;C:\Windows;C:\Windows\System32\Wbem;C:\Windows\System32\WindowsPowerShell\v1.0\;C:\Program Files (x86)\Windows Live\Shared;c:\Program Files (x86)\Microsoft SQL Server\100\Tools\Binn\;c:\Program Files\Microsoft SQL Server\100\Tools\Binn\;c:\Program Files\Microsoft SQL Server\100\DTS\Binn\;c:\Program Files (x86)\Microsoft ASP.NET\ASP.NET Web Pages\v1.0\;C:\Program Files\eclipse\MinGW\bin;C:\Program Files\TortoiseSVN\bin;C:\wamp\bin\php\php5.2.5;C:\wamp\www\frameworks\ZendFramework-1.11.10\bin;C:\Users\julien\Downloads\Applications\ANDROID\android-sdk-windows-r16\platform-tools;C:\Users\julien\Downloads\Applications\Devs\Android\android-sdk-windows\tools
USERNAME=julien
OS=Windows_NT
PROCESSOR_IDENTIFIER=Intel64 Family 6 Model 30 Stepping 5, GenuineIntel



---------------  S Y S T E M  ---------------

OS: Windows 7 Build 7601 Service Pack 1

CPU:total 8 (4 cores per cpu, 2 threads per core) family 6 model 30 stepping 5, cmov, cx8, fxsr, mmx, sse, sse2, sse3, ssse3, sse4.1, sse4.2, popcnt, ht

Memory: 4k page, physical 4182540k(1167028k free), swap 8363228k(2741272k free)

vm_info: Java HotSpot(TM) 64-Bit Server VM (19.1-b02) for windows-amd64 JRE (1.6.0_24-b07), built on Feb  2 2011 16:25:45 by "java_re" with MS VC++ 8.0 (VS2005)

time: Sun Jun 10 20:55:55 2012
elapsed time: 0 seconds

